<?xml version="1.0" encoding="UTF-8"?>
<testng-results skipped="0" failed="0" total="2" passed="2">
  <reporter-output>
  </reporter-output>
  <suite name="Suite" duration-ms="52665" started-at="2017-10-29T04:39:49Z" finished-at="2017-10-29T04:40:42Z">
    <groups>
    </groups>
    <test name="Test" duration-ms="52665" started-at="2017-10-29T04:39:49Z" finished-at="2017-10-29T04:40:42Z">
      <class name="application.testcases.LoginTestScenarios4">
        <test-method status="PASS" signature="setupReport()[pri:0, instance:application.testcases.LoginTestScenarios4@2812cbfa]" name="setupReport" is-config="true" duration-ms="630" started-at="2017-10-29T10:09:49Z" finished-at="2017-10-29T10:09:49Z">
          <reporter-output>
          </reporter-output>
        </test-method> <!-- setupReport -->
        <test-method status="PASS" signature="startBrowser(java.lang.String)[pri:0, instance:application.testcases.LoginTestScenarios4@2812cbfa]" name="startBrowser" is-config="true" duration-ms="18441" started-at="2017-10-29T10:09:49Z" finished-at="2017-10-29T10:10:08Z">
          <params>
            <param index="0">
              <value>
                <![CDATA[IE]]>
              </value>
            </param>
          </params>
          <reporter-output>
          </reporter-output>
        </test-method> <!-- startBrowser -->
        <test-method status="PASS" signature="loginWithValidCredentials()[pri:0, instance:application.testcases.LoginTestScenarios4@2812cbfa]" name="loginWithValidCredentials" duration-ms="13816" started-at="2017-10-29T10:10:08Z" description="This test will verify user is able to login with valid crendentials" finished-at="2017-10-29T10:10:22Z">
          <reporter-output>
          </reporter-output>
        </test-method> <!-- loginWithValidCredentials -->
        <test-method status="PASS" signature="tearDown(org.testng.ITestResult)[pri:0, instance:application.testcases.LoginTestScenarios4@2812cbfa]" name="tearDown" is-config="true" duration-ms="2543" started-at="2017-10-29T10:10:22Z" finished-at="2017-10-29T10:10:24Z">
          <params>
            <param index="0">
              <value>
                <![CDATA[[TestResult name=loginWithValidCredentials status=SUCCESS method=LoginTestScenarios4.loginWithValidCredentials()[pri:0, instance:application.testcases.LoginTestScenarios4@2812cbfa] output={null}]]]>
              </value>
            </param>
          </params>
          <reporter-output>
          </reporter-output>
        </test-method> <!-- tearDown -->
        <test-method status="PASS" signature="logOut()[pri:0, instance:application.testcases.LoginTestScenarios4@2812cbfa]" name="logOut" duration-ms="14620" started-at="2017-10-29T10:10:24Z" description="Logout user" depends-on-methods="application.testcases.LoginTestScenarios4.loginWithValidCredentials" finished-at="2017-10-29T10:10:39Z">
          <reporter-output>
          </reporter-output>
        </test-method> <!-- logOut -->
        <test-method status="PASS" signature="tearDown(org.testng.ITestResult)[pri:0, instance:application.testcases.LoginTestScenarios4@2812cbfa]" name="tearDown" is-config="true" duration-ms="3219" started-at="2017-10-29T10:10:39Z" finished-at="2017-10-29T10:10:42Z">
          <params>
            <param index="0">
              <value>
                <![CDATA[[TestResult name=logOut status=SUCCESS method=LoginTestScenarios4.logOut()[pri:0, instance:application.testcases.LoginTestScenarios4@2812cbfa] output={null}]]]>
              </value>
            </param>
          </params>
          <reporter-output>
          </reporter-output>
        </test-method> <!-- tearDown -->
        <test-method status="PASS" signature="generateReport()[pri:0, instance:application.testcases.LoginTestScenarios4@2812cbfa]" name="generateReport" is-config="true" duration-ms="4611" started-at="2017-10-29T10:10:42Z" finished-at="2017-10-29T10:10:47Z">
          <reporter-output>
          </reporter-output>
        </test-method> <!-- generateReport -->
      </class> <!-- application.testcases.LoginTestScenarios4 -->
    </test> <!-- Test -->
  </suite> <!-- Suite -->
</testng-results>
